{"C:\\Users\\KIIT\\Desktop\\bucket-list-api\\backend\\app.js": {"path":"C:\\Users\\KIIT\\Desktop\\bucket-list-api\\backend\\app.js","statementMap":{"0":{"start":{"line":1,"column":16},"end":{"line":1,"column":34}},"1":{"start":{"line":2,"column":17},"end":{"line":2,"column":36}},"2":{"start":{"line":3,"column":21},"end":{"line":3,"column":53}},"3":{"start":{"line":4,"column":13},"end":{"line":4,"column":28}},"4":{"start":{"line":5,"column":0},"end":{"line":5,"column":68}},"5":{"start":{"line":7,"column":12},"end":{"line":7,"column":21}},"6":{"start":{"line":8,"column":0},"end":{"line":8,"column":24}},"7":{"start":{"line":9,"column":0},"end":{"line":9,"column":37}},"8":{"start":{"line":11,"column":0},"end":{"line":14,"column":3}},"9":{"start":{"line":16,"column":0},"end":{"line":16,"column":21}}},"fnMap":{},"branchMap":{},"s":{"0":2,"1":2,"2":2,"3":2,"4":2,"5":2,"6":2,"7":2,"8":2,"9":2},"f":{},"b":{},"_coverageSchema":"1a1c01bbd47fc00a2c39e90264f33305004495a9","hash":"03a069d0df6473e6e9e6b9ff37d4372140600c74"}
,"C:\\Users\\KIIT\\Desktop\\bucket-list-api\\backend\\controllers\\bucketController.js": {"path":"C:\\Users\\KIIT\\Desktop\\bucket-list-api\\backend\\controllers\\bucketController.js","statementMap":{"0":{"start":{"line":1,"column":15},"end":{"line":1,"column":46}},"1":{"start":{"line":3,"column":0},"end":{"line":14,"column":2}},"2":{"start":{"line":4,"column":4},"end":{"line":13,"column":5}},"3":{"start":{"line":5,"column":36},"end":{"line":5,"column":44}},"4":{"start":{"line":6,"column":8},"end":{"line":6,"column":107}},"5":{"start":{"line":6,"column":33},"end":{"line":6,"column":107}},"6":{"start":{"line":8,"column":24},"end":{"line":8,"column":55}},"7":{"start":{"line":9,"column":26},"end":{"line":9,"column":46}},"8":{"start":{"line":10,"column":8},"end":{"line":10,"column":40}},"9":{"start":{"line":12,"column":8},"end":{"line":12,"column":62}},"10":{"start":{"line":16,"column":0},"end":{"line":23,"column":2}},"11":{"start":{"line":17,"column":4},"end":{"line":22,"column":5}},"12":{"start":{"line":18,"column":22},"end":{"line":18,"column":41}},"13":{"start":{"line":19,"column":8},"end":{"line":19,"column":36}},"14":{"start":{"line":21,"column":8},"end":{"line":21,"column":65}},"15":{"start":{"line":25,"column":0},"end":{"line":34,"column":2}},"16":{"start":{"line":26,"column":4},"end":{"line":33,"column":5}},"17":{"start":{"line":27,"column":23},"end":{"line":27,"column":33}},"18":{"start":{"line":28,"column":21},"end":{"line":28,"column":55}},"19":{"start":{"line":29,"column":8},"end":{"line":29,"column":76}},"20":{"start":{"line":29,"column":19},"end":{"line":29,"column":76}},"21":{"start":{"line":30,"column":8},"end":{"line":30,"column":65}},"22":{"start":{"line":32,"column":8},"end":{"line":32,"column":65}},"23":{"start":{"line":36,"column":0},"end":{"line":45,"column":2}},"24":{"start":{"line":37,"column":4},"end":{"line":44,"column":5}},"25":{"start":{"line":38,"column":23},"end":{"line":38,"column":33}},"26":{"start":{"line":39,"column":21},"end":{"line":39,"column":93}},"27":{"start":{"line":40,"column":8},"end":{"line":40,"column":76}},"28":{"start":{"line":40,"column":19},"end":{"line":40,"column":76}},"29":{"start":{"line":41,"column":8},"end":{"line":41,"column":35}},"30":{"start":{"line":43,"column":8},"end":{"line":43,"column":70}},"31":{"start":{"line":47,"column":0},"end":{"line":55,"column":2}},"32":{"start":{"line":48,"column":4},"end":{"line":54,"column":5}},"33":{"start":{"line":49,"column":29},"end":{"line":49,"column":39}},"34":{"start":{"line":50,"column":22},"end":{"line":50,"column":53}},"35":{"start":{"line":51,"column":8},"end":{"line":51,"column":36}},"36":{"start":{"line":53,"column":8},"end":{"line":53,"column":71}}},"fnMap":{"0":{"name":"(anonymous_0)","decl":{"start":{"line":3,"column":18},"end":{"line":3,"column":19}},"loc":{"start":{"line":3,"column":38},"end":{"line":14,"column":1}},"line":3},"1":{"name":"(anonymous_1)","decl":{"start":{"line":16,"column":22},"end":{"line":16,"column":23}},"loc":{"start":{"line":16,"column":42},"end":{"line":23,"column":1}},"line":16},"2":{"name":"(anonymous_2)","decl":{"start":{"line":25,"column":21},"end":{"line":25,"column":22}},"loc":{"start":{"line":25,"column":41},"end":{"line":34,"column":1}},"line":25},"3":{"name":"(anonymous_3)","decl":{"start":{"line":36,"column":24},"end":{"line":36,"column":25}},"loc":{"start":{"line":36,"column":44},"end":{"line":45,"column":1}},"line":36},"4":{"name":"(anonymous_4)","decl":{"start":{"line":47,"column":24},"end":{"line":47,"column":25}},"loc":{"start":{"line":47,"column":44},"end":{"line":55,"column":1}},"line":47}},"branchMap":{"0":{"loc":{"start":{"line":6,"column":8},"end":{"line":6,"column":107}},"type":"if","locations":[{"start":{"line":6,"column":8},"end":{"line":6,"column":107}},{"start":{},"end":{}}],"line":6},"1":{"loc":{"start":{"line":6,"column":12},"end":{"line":6,"column":31}},"type":"binary-expr","locations":[{"start":{"line":6,"column":12},"end":{"line":6,"column":18}},{"start":{"line":6,"column":22},"end":{"line":6,"column":31}}],"line":6},"2":{"loc":{"start":{"line":29,"column":8},"end":{"line":29,"column":76}},"type":"if","locations":[{"start":{"line":29,"column":8},"end":{"line":29,"column":76}},{"start":{},"end":{}}],"line":29},"3":{"loc":{"start":{"line":40,"column":8},"end":{"line":40,"column":76}},"type":"if","locations":[{"start":{"line":40,"column":8},"end":{"line":40,"column":76}},{"start":{},"end":{}}],"line":40}},"s":{"0":3,"1":3,"2":2,"3":2,"4":2,"5":1,"6":1,"7":1,"8":1,"9":0,"10":3,"11":1,"12":1,"13":1,"14":0,"15":3,"16":1,"17":1,"18":1,"19":1,"20":0,"21":1,"22":0,"23":3,"24":2,"25":2,"26":2,"27":1,"28":0,"29":1,"30":1,"31":3,"32":0,"33":0,"34":0,"35":0,"36":0},"f":{"0":2,"1":1,"2":1,"3":2,"4":0},"b":{"0":[1,1],"1":[2,1],"2":[0,1],"3":[0,1]},"_coverageSchema":"1a1c01bbd47fc00a2c39e90264f33305004495a9","hash":"699f5b74a835959d28fbacc7e0b9cde31252af17"}
,"C:\\Users\\KIIT\\Desktop\\bucket-list-api\\backend\\models\\BucketItem.js": {"path":"C:\\Users\\KIIT\\Desktop\\bucket-list-api\\backend\\models\\BucketItem.js","statementMap":{"0":{"start":{"line":1,"column":17},"end":{"line":1,"column":36}},"1":{"start":{"line":3,"column":25},"end":{"line":7,"column":2}},"2":{"start":{"line":9,"column":0},"end":{"line":9,"column":60}}},"fnMap":{},"branchMap":{},"s":{"0":3,"1":3,"2":3},"f":{},"b":{},"_coverageSchema":"1a1c01bbd47fc00a2c39e90264f33305004495a9","hash":"e78c6a9fcd6645aef3fec7381d5c871c38f08999"}
,"C:\\Users\\KIIT\\Desktop\\bucket-list-api\\backend\\routes\\bucketRoutes.js": {"path":"C:\\Users\\KIIT\\Desktop\\bucket-list-api\\backend\\routes\\bucketRoutes.js","statementMap":{"0":{"start":{"line":1,"column":16},"end":{"line":1,"column":34}},"1":{"start":{"line":2,"column":15},"end":{"line":2,"column":31}},"2":{"start":{"line":3,"column":19},"end":{"line":3,"column":61}},"3":{"start":{"line":5,"column":0},"end":{"line":5,"column":37}},"4":{"start":{"line":6,"column":0},"end":{"line":6,"column":40}},"5":{"start":{"line":7,"column":0},"end":{"line":7,"column":45}},"6":{"start":{"line":8,"column":0},"end":{"line":8,"column":56}},"7":{"start":{"line":9,"column":0},"end":{"line":9,"column":60}},"8":{"start":{"line":11,"column":0},"end":{"line":11,"column":24}}},"fnMap":{},"branchMap":{},"s":{"0":2,"1":2,"2":2,"3":2,"4":2,"5":2,"6":2,"7":2,"8":2},"f":{},"b":{},"_coverageSchema":"1a1c01bbd47fc00a2c39e90264f33305004495a9","hash":"421aaa744a533230900368adcabc904def18ab0e"}
}
