TN:
SF:app.js
FNF:0
FNH:0
DA:1,2
DA:2,2
DA:3,2
DA:4,2
DA:5,2
DA:7,2
DA:8,2
DA:9,2
DA:11,2
DA:16,2
LF:10
LH:10
BRF:0
BRH:0
end_of_record
TN:
SF:controllers\bucketController.js
FN:3,(anonymous_0)
FN:16,(anonymous_1)
FN:25,(anonymous_2)
FN:36,(anonymous_3)
FN:47,(anonymous_4)
FNF:5
FNH:4
FNDA:2,(anonymous_0)
FNDA:1,(anonymous_1)
FNDA:1,(anonymous_2)
FNDA:2,(anonymous_3)
FNDA:0,(anonymous_4)
DA:1,3
DA:3,3
DA:4,2
DA:5,2
DA:6,2
DA:8,1
DA:9,1
DA:10,1
DA:12,0
DA:16,3
DA:17,1
DA:18,1
DA:19,1
DA:21,0
DA:25,3
DA:26,1
DA:27,1
DA:28,1
DA:29,1
DA:30,1
DA:32,0
DA:36,3
DA:37,2
DA:38,2
DA:39,2
DA:40,1
DA:41,1
DA:43,1
DA:47,3
DA:48,0
DA:49,0
DA:50,0
DA:51,0
DA:53,0
LF:34
LH:26
BRDA:6,0,0,1
BRDA:6,0,1,1
BRDA:6,1,0,2
BRDA:6,1,1,1
BRDA:29,2,0,0
BRDA:29,2,1,1
BRDA:40,3,0,0
BRDA:40,3,1,1
BRF:8
BRH:6
end_of_record
TN:
SF:models\BucketItem.js
FNF:0
FNH:0
DA:1,3
DA:3,3
DA:9,3
LF:3
LH:3
BRF:0
BRH:0
end_of_record
TN:
SF:routes\bucketRoutes.js
FNF:0
FNH:0
DA:1,2
DA:2,2
DA:3,2
DA:5,2
DA:6,2
DA:7,2
DA:8,2
DA:9,2
DA:11,2
LF:9
LH:9
BRF:0
BRH:0
end_of_record
